<?xml version="1.0" encoding="UTF-8"?>
<testng-results ignored="0" total="1" passed="1" failed="0" skipped="0">
  <reporter-output>
  </reporter-output>
  <suite started-at="2021-07-26T20:39:34 COT" name="Default suite" finished-at="2021-07-26T20:39:40 COT" duration-ms="5353">
    <groups>
    </groups>
    <test started-at="2021-07-26T20:39:34 COT" name="Default test" finished-at="2021-07-26T20:39:40 COT" duration-ms="5353">
      <class name="com.angelo.testng.TestNGExample">
        <test-method is-config="true" signature="beforeClass()[pri:0, instance:com.angelo.testng.TestNGExample@73700b80]" started-at="2021-07-26T20:39:34 COT" name="beforeClass" finished-at="2021-07-26T20:39:39 COT" duration-ms="4326" status="PASS">
          <reporter-output>
          </reporter-output>
        </test-method> <!-- beforeClass -->
        <test-method signature="searchBlouses()[pri:0, instance:com.angelo.testng.TestNGExample@73700b80]" started-at="2021-07-26T20:39:39 COT" name="searchBlouses" finished-at="2021-07-26T20:39:40 COT" duration-ms="1008" status="PASS">
          <reporter-output>
          </reporter-output>
        </test-method> <!-- searchBlouses -->
        <test-method is-config="true" signature="afterClass()[pri:0, instance:com.angelo.testng.TestNGExample@73700b80]" started-at="2021-07-26T20:39:40 COT" name="afterClass" finished-at="2021-07-26T20:39:40 COT" duration-ms="0" status="PASS">
          <reporter-output>
          </reporter-output>
        </test-method> <!-- afterClass -->
      </class> <!-- com.angelo.testng.TestNGExample -->
    </test> <!-- Default test -->
  </suite> <!-- Default suite -->
</testng-results>
